<?xml version="1.0" encoding="UTF-8"?>
<testng-results ignored="0" total="1" passed="1" failed="0" skipped="0">
  <reporter-output>
  </reporter-output>
  <suite started-at="2024-06-21T11:15:58 IST" name="MakerSuite" finished-at="2024-06-21T11:16:10 IST" duration-ms="11562">
    <groups>
      <group name="cucumber">
        <method signature="AbstractTestNGCucumberTests.runScenario(io.cucumber.testng.PickleWrapper,io.cucumber.testng.FeatureWrapper)[pri:0, instance:TestRunner.CucumberTestrun@7c711375]" name="runScenario" class="io.cucumber.testng.AbstractTestNGCucumberTests"/>
      </group> <!-- cucumber -->
    </groups>
    <test started-at="2024-06-21T11:15:58 IST" name="Test01" finished-at="2024-06-21T11:16:10 IST" duration-ms="11562">
      <class name="TestRunner.CucumberTestrun">
        <test-method is-config="true" signature="setUpClass(org.testng.ITestContext)[pri:0, instance:TestRunner.CucumberTestrun@7c711375]" started-at="2024-06-21T11:15:58 IST" name="setUpClass" finished-at="2024-06-21T11:15:59 IST" duration-ms="423" status="PASS">
          <params>
            <param index="0">
              <value>
                <![CDATA[org.testng.TestRunner@129bd55d]]>
              </value>
            </param>
          </params>
          <reporter-output>
          </reporter-output>
        </test-method> <!-- setUpClass -->
        <test-method signature="runScenario(io.cucumber.testng.PickleWrapper,io.cucumber.testng.FeatureWrapper)[pri:0, instance:TestRunner.CucumberTestrun@7c711375]" started-at="2024-06-21T11:15:59 IST" name="runScenario" description="Runs Cucumber Scenarios" data-provider="scenarios" finished-at="2024-06-21T11:16:10 IST" duration-ms="11096" status="PASS">
          <params>
            <param index="0">
              <value>
                <![CDATA["login is successful with valid cread"]]>
              </value>
            </param>
            <param index="1">
              <value>
                <![CDATA["Login page automation of demo application"]]>
              </value>
            </param>
          </params>
          <reporter-output>
          </reporter-output>
        </test-method> <!-- runScenario -->
        <test-method is-config="true" signature="tearDownClass()[pri:0, instance:TestRunner.CucumberTestrun@7c711375]" started-at="2024-06-21T11:16:10 IST" name="tearDownClass" finished-at="2024-06-21T11:16:10 IST" duration-ms="18" status="PASS">
          <reporter-output>
          </reporter-output>
        </test-method> <!-- tearDownClass -->
      </class> <!-- TestRunner.CucumberTestrun -->
    </test> <!-- Test01 -->
  </suite> <!-- MakerSuite -->
</testng-results>
